#
# There is insufficient memory for the Java Runtime Environment to continue.
# Native memory allocation (mmap) failed to map 65536 bytes for Failed to commit metaspace.
# Possible reasons:
#   The system is out of physical RAM or swap space
#   The process is running with CompressedOops enabled, and the Java Heap may be blocking the growth of the native heap
# Possible solutions:
#   Reduce memory load on the system
#   Increase physical memory or swap space
#   Check if swap backing store is full
#   Decrease Java heap size (-Xmx/-Xms)
#   Decrease number of Java threads
#   Decrease Java thread stack sizes (-Xss)
#   Set larger code cache with -XX:ReservedCodeCacheSize=
#   JVM is running with Unscaled Compressed Oops mode in which the Java heap is
#     placed in the first 4GB address space. The Java Heap base address is the
#     maximum limit for the native heap growth. Please use -XX:HeapBaseMinAddress
#     to set the Java Heap base and to place the Java Heap above 4GB virtual address.
# This output file may be truncated or incomplete.
#
#  Out of Memory Error (virtualSpaceNode.cpp:110), pid=8044, tid=11884
#
# JRE version: Java(TM) SE Runtime Environment (19.0.2+7) (build 19.0.2+7-44)
# Java VM: Java HotSpot(TM) 64-Bit Server VM (19.0.2+7-44, mixed mode, tiered, compressed oops, compressed class ptrs, g1 gc, windows-amd64)
# No core dump will be written. Minidumps are not enabled by default on client versions of Windows
#

---------------  S U M M A R Y ------------

Command Line: -Dclassworlds.conf=C:\Program Files\NetBeans-16\netbeans\java\maven\bin\m2.conf -Dmaven.home=C:\Program Files\NetBeans-16\netbeans\java\maven -Dlibrary.jansi.path=C:\Program Files\NetBeans-16\netbeans\java\maven\lib\jansi-native -Dmaven.multiModuleProjectDirectory=C:\Users\ASUS\OneDrive\Documents\NetBeansProjects\PA_PBO org.codehaus.plexus.classworlds.launcher.Launcher -Dexec.vmArgs= -Dexec.args=${exec.vmArgs} -classpath %classpath ${exec.mainClass} ${exec.appArgs} -Dexec.appArgs= -Dexec.mainClass=com.mycompany.pa_pbo.Main -Dexec.executable=C:\Program Files\Java\jdk-19\bin\java.exe -Dmaven.ext.class.path=C:\Program Files\NetBeans-16\netbeans\java\maven-nblib\netbeans-eventspy.jar org.codehaus.mojo:exec-maven-plugin:3.0.0:exec

Host: 11th Gen Intel(R) Core(TM) i5-1135G7 @ 2.40GHz, 8 cores, 7G,  Windows 11 , 64 bit Build 22621 (10.0.22621.1344)
Time: Wed Apr 26 19:33:55 2023 Malay Peninsula Standard Time elapsed time: 0.175389 seconds (0d 0h 0m 0s)

---------------  T H R E A D  ---------------

Current thread (0x000001f00df0ea20):  JavaThread "main" [_thread_in_vm, id=11884, stack(0x000000c89cf00000,0x000000c89d000000)]

Stack: [0x000000c89cf00000,0x000000c89d000000]
Native frames: (J=compiled Java code, j=interpreted, Vv=VM code, C=native code)
V  [jvm.dll+0x6ee21a]
V  [jvm.dll+0x85765e]
V  [jvm.dll+0x85904e]
V  [jvm.dll+0x859703]
V  [jvm.dll+0x28298f]
V  [jvm.dll+0x8532db]
V  [jvm.dll+0x692cb6]
V  [jvm.dll+0x1f2937]
V  [jvm.dll+0x6956f2]
V  [jvm.dll+0x6954de]
V  [jvm.dll+0x6936de]
V  [jvm.dll+0x2801cc]
V  [jvm.dll+0x7432cd]
V  [jvm.dll+0x743ccf]
V  [jvm.dll+0x3c999e]
V  [jvm.dll+0x3c8b14]
V  [jvm.dll+0x3c8ab8]
V  [jvm.dll+0x5cf569]
V  [jvm.dll+0x5ce464]
V  [jvm.dll+0x3ddda7]
V  [jvm.dll+0x3dd3ff]
C  0x000001f01d3cc9b7

Java frames: (J=compiled Java code, j=interpreted, Vv=VM code)
j  java.lang.invoke.MethodHandleNatives.findMethodHandleType(Ljava/lang/Class;[Ljava/lang/Class;)Ljava/lang/invoke/MethodType;+3 java.base@19.0.2
v  ~StubRoutines::call_stub 0x000001f01d3a10e8
j  java.util.regex.CharPredicates.ASCII_DIGIT()Ljava/util/regex/Pattern$BmpCharPredicate;+0 java.base@19.0.2
j  java.util.regex.Pattern.escape(ZZZ)I+909 java.base@19.0.2
j  java.util.regex.Pattern.range(Ljava/util/regex/Pattern$BitClass;)Ljava/util/regex/Pattern$CharPredicate;+102 java.base@19.0.2
j  java.util.regex.Pattern.clazz(Z)Ljava/util/regex/Pattern$CharPredicate;+417 java.base@19.0.2
j  java.util.regex.Pattern.sequence(Ljava/util/regex/Pattern$Node;)Ljava/util/regex/Pattern$Node;+213 java.base@19.0.2
j  java.util.regex.Pattern.expr(Ljava/util/regex/Pattern$Node;)Ljava/util/regex/Pattern$Node;+12 java.base@19.0.2
j  java.util.regex.Pattern.group0()Ljava/util/regex/Pattern$Node;+655 java.base@19.0.2
j  java.util.regex.Pattern.sequence(Ljava/util/regex/Pattern$Node;)Ljava/util/regex/Pattern$Node;+137 java.base@19.0.2
j  java.util.regex.Pattern.expr(Ljava/util/regex/Pattern$Node;)Ljava/util/regex/Pattern$Node;+12 java.base@19.0.2
j  java.util.regex.Pattern.compile()V+222 java.base@19.0.2
j  java.util.regex.Pattern.<init>(Ljava/lang/String;I)V+108 java.base@19.0.2
j  java.util.regex.Pattern.compile(Ljava/lang/String;)Ljava/util/regex/Pattern;+6 java.base@19.0.2
j  org.apache.maven.cli.MavenCli.<clinit>()V+63
v  ~StubRoutines::call_stub 0x000001f01d3a10e8
j  jdk.internal.misc.Unsafe.ensureClassInitialized0(Ljava/lang/Class;)V+0 java.base@19.0.2
j  jdk.internal.misc.Unsafe.ensureClassInitialized(Ljava/lang/Class;)V+14 java.base@19.0.2
j  jdk.internal.reflect.MethodHandleAccessorFactory.ensureClassInitialized(Ljava/lang/Class;)V+14 java.base@19.0.2
j  jdk.internal.reflect.MethodHandleAccessorFactory.newMethodAccessor(Ljava/lang/reflect/Method;Z)Ljdk/internal/reflect/MethodAccessorImpl;+17 java.base@19.0.2
j  jdk.internal.reflect.ReflectionFactory.newMethodAccessor(Ljava/lang/reflect/Method;Z)Ljdk/internal/reflect/MethodAccessor;+28 java.base@19.0.2
j  java.lang.reflect.Method.acquireMethodAccessor()Ljdk/internal/reflect/MethodAccessor;+38 java.base@19.0.2
j  java.lang.reflect.Method.invoke(Ljava/lang/Object;[Ljava/lang/Object;)Ljava/lang/Object;+75 java.base@19.0.2
j  org.codehaus.plexus.classworlds.launcher.Launcher.launchEnhanced([Ljava/lang/String;)V+45
j  org.codehaus.plexus.classworlds.launcher.Launcher.launch([Ljava/lang/String;)V+2
j  org.codehaus.plexus.classworlds.launcher.Launcher.mainWithExitCode([Ljava/lang/String;)I+101
j  org.codehaus.plexus.classworlds.launcher.Launcher.main([Ljava/lang/String;)V+1
v  ~StubRoutines::call_stub 0x000001f01d3a10e8

---------------  P R O C E S S  ---------------

Threads class SMR info:
_java_thread_list=0x000001f030a00a10, length=12, elements={
0x000001f00df0ea20, 0x000001f030838dc0, 0x000001f0308a8020, 0x000001f0308ac620,
0x000001f03088c550, 0x000001f03088cf70, 0x000001f03088fda0, 0x000001f02c23c2f0,
0x000001f0308907c0, 0x000001f030892d50, 0x000001f030a217b0, 0x000001f030a41810
}

Java Threads: ( => current thread )
=>0x000001f00df0ea20 JavaThread "main" [_thread_in_vm, id=11884, stack(0x000000c89cf00000,0x000000c89d000000)]
  0x000001f030838dc0 JavaThread "Reference Handler" daemon [_thread_blocked, id=15480, stack(0x000000c89d600000,0x000000c89d700000)]
  0x000001f0308a8020 JavaThread "Finalizer" daemon [_thread_blocked, id=15388, stack(0x000000c89d700000,0x000000c89d800000)]
  0x000001f0308ac620 JavaThread "Signal Dispatcher" daemon [_thread_blocked, id=5724, stack(0x000000c89d800000,0x000000c89d900000)]
  0x000001f03088c550 JavaThread "Attach Listener" daemon [_thread_blocked, id=8536, stack(0x000000c89d900000,0x000000c89da00000)]
  0x000001f03088cf70 JavaThread "Service Thread" daemon [_thread_blocked, id=18372, stack(0x000000c89da00000,0x000000c89db00000)]
  0x000001f03088fda0 JavaThread "Monitor Deflation Thread" daemon [_thread_blocked, id=12732, stack(0x000000c89db00000,0x000000c89dc00000)]
  0x000001f02c23c2f0 JavaThread "C2 CompilerThread0" daemon [_thread_blocked, id=8768, stack(0x000000c89dc00000,0x000000c89dd00000)]
  0x000001f0308907c0 JavaThread "C1 CompilerThread0" daemon [_thread_blocked, id=17136, stack(0x000000c89dd00000,0x000000c89de00000)]
  0x000001f030892d50 JavaThread "Sweeper thread" daemon [_thread_blocked, id=14760, stack(0x000000c89de00000,0x000000c89df00000)]
  0x000001f030a217b0 JavaThread "Notification Thread" daemon [_thread_blocked, id=17012, stack(0x000000c89df00000,0x000000c89e000000)]
  0x000001f030a41810 JavaThread "Common-Cleaner" daemon [_thread_blocked, id=5008, stack(0x000000c89e100000,0x000000c89e200000)]

Other Threads:
  0x000001f02c208520 VMThread "VM Thread" [stack: 0x000000c89d500000,0x000000c89d600000] [id=3044]
  0x000001f030a2e130 WatcherThread "VM Periodic Task Thread" [stack: 0x000000c89e000000,0x000000c89e100000] [id=15432]
  0x000001f00df6c5d0 WorkerThread "GC Thread#0" [stack: 0x000000c89d000000,0x000000c89d100000] [id=8324]
  0x000001f00df7ca70 ConcurrentGCThread "G1 Main Marker" [stack: 0x000000c89d100000,0x000000c89d200000] [id=4576]
  0x000001f00df7d3a0 WorkerThread "G1 Conc#0" [stack: 0x000000c89d200000,0x000000c89d300000] [id=3648]
  0x000001f00dfcdea0 ConcurrentGCThread "G1 Refine#0" [stack: 0x000000c89d300000,0x000000c89d400000] [id=12964]
  0x000001f00dfce780 ConcurrentGCThread "G1 Service" [stack: 0x000000c89d400000,0x000000c89d500000] [id=8772]

Threads with active compile tasks:

VM state: not at safepoint (normal execution)

VM Mutex/Monitor currently owned by a thread:  ([mutex/lock_event])
[0x000001f00def9550] Metaspace_lock - owner thread: 0x000001f00df0ea20

Heap address: 0x0000000084e00000, size: 1970 MB, Compressed Oops mode: 32-bit

CDS archive(s) not mapped
Compressed class space mapped at: 0x0000000100000000-0x0000000140000000, reserved size: 1073741824
Narrow klass base: 0x0000000000000000, Narrow klass shift: 3, Narrow klass range: 0x140000000

GC Precious Log:
 CardTable entry size: 512
 Card Set container configuration: InlinePtr #cards 5 size 8 Array Of Cards #cards 12 size 40 Howl #buckets 4 coarsen threshold 1843 Howl Bitmap #cards 512 size 80 coarsen threshold 460 Card regions per heap region 1 cards per card region 2048
 CPUs: 8 total, 8 available
 Memory: 7873M
 Large Page Support: Disabled
 NUMA Support: Disabled
 Compressed Oops: Enabled (32-bit)
 Heap Region Size: 1M
 Heap Min Capacity: 8M
 Heap Initial Capacity: 124M
 Heap Max Capacity: 1970M
 Pre-touch: Disabled
 Parallel Workers: 8
 Concurrent Workers: 2
 Concurrent Refinement Workers: 8
 Periodic GC: Disabled

Heap:
 garbage-first heap   total 126976K, used 3072K [0x0000000084e00000, 0x0000000100000000)
  region size 1024K, 4 young (4096K), 0 survivors (0K)
 Metaspace       used 5717K, committed 5824K, reserved 1114112K
  class space    used 458K, committed 512K, reserved 1048576K

Heap Regions: E=young(eden), S=young(survivor), O=old, HS=humongous(starts), HC=humongous(continues), CS=collection set, F=free, OA=open archive, CA=closed archive, TAMS=top-at-mark-start (previous, next)
|   0|0x0000000084e00000, 0x0000000084e00000, 0x0000000084f00000|  0%| F|  |TAMS 0x0000000084e00000, 0x0000000084e00000| Untracked 
|   1|0x0000000084f00000, 0x0000000084f00000, 0x0000000085000000|  0%| F|  |TAMS 0x0000000084f00000, 0x0000000084f00000| Untracked 
|   2|0x0000000085000000, 0x0000000085000000, 0x0000000085100000|  0%| F|  |TAMS 0x0000000085000000, 0x0000000085000000| Untracked 
|   3|0x0000000085100000, 0x0000000085100000, 0x0000000085200000|  0%| F|  |TAMS 0x0000000085100000, 0x0000000085100000| Untracked 
|   4|0x0000000085200000, 0x0000000085200000, 0x0000000085300000|  0%| F|  |TAMS 0x0000000085200000, 0x0000000085200000| Untracked 
|   5|0x0000000085300000, 0x0000000085300000, 0x0000000085400000|  0%| F|  |TAMS 0x0000000085300000, 0x0000000085300000| Untracked 
|   6|0x0000000085400000, 0x0000000085400000, 0x0000000085500000|  0%| F|  |TAMS 0x0000000085400000, 0x0000000085400000| Untracked 
|   7|0x0000000085500000, 0x0000000085500000, 0x0000000085600000|  0%| F|  |TAMS 0x0000000085500000, 0x0000000085500000| Untracked 
|   8|0x0000000085600000, 0x0000000085600000, 0x0000000085700000|  0%| F|  |TAMS 0x0000000085600000, 0x0000000085600000| Untracked 
|   9|0x0000000085700000, 0x0000000085700000, 0x0000000085800000|  0%| F|  |TAMS 0x0000000085700000, 0x0000000085700000| Untracked 
|  10|0x0000000085800000, 0x0000000085800000, 0x0000000085900000|  0%| F|  |TAMS 0x0000000085800000, 0x0000000085800000| Untracked 
|  11|0x0000000085900000, 0x0000000085900000, 0x0000000085a00000|  0%| F|  |TAMS 0x0000000085900000, 0x0000000085900000| Untracked 
|  12|0x0000000085a00000, 0x0000000085a00000, 0x0000000085b00000|  0%| F|  |TAMS 0x0000000085a00000, 0x0000000085a00000| Untracked 
|  13|0x0000000085b00000, 0x0000000085b00000, 0x0000000085c00000|  0%| F|  |TAMS 0x0000000085b00000, 0x0000000085b00000| Untracked 
|  14|0x0000000085c00000, 0x0000000085c00000, 0x0000000085d00000|  0%| F|  |TAMS 0x0000000085c00000, 0x0000000085c00000| Untracked 
|  15|0x0000000085d00000, 0x0000000085d00000, 0x0000000085e00000|  0%| F|  |TAMS 0x0000000085d00000, 0x0000000085d00000| Untracked 
|  16|0x0000000085e00000, 0x0000000085e00000, 0x0000000085f00000|  0%| F|  |TAMS 0x0000000085e00000, 0x0000000085e00000| Untracked 
|  17|0x0000000085f00000, 0x0000000085f00000, 0x0000000086000000|  0%| F|  |TAMS 0x0000000085f00000, 0x0000000085f00000| Untracked 
|  18|0x0000000086000000, 0x0000000086000000, 0x0000000086100000|  0%| F|  |TAMS 0x0000000086000000, 0x0000000086000000| Untracked 
|  19|0x0000000086100000, 0x0000000086100000, 0x0000000086200000|  0%| F|  |TAMS 0x0000000086100000, 0x0000000086100000| Untracked 
|  20|0x0000000086200000, 0x0000000086200000, 0x0000000086300000|  0%| F|  |TAMS 0x0000000086200000, 0x0000000086200000| Untracked 
|  21|0x0000000086300000, 0x0000000086300000, 0x0000000086400000|  0%| F|  |TAMS 0x0000000086300000, 0x0000000086300000| Untracked 
|  22|0x0000000086400000, 0x0000000086400000, 0x0000000086500000|  0%| F|  |TAMS 0x0000000086400000, 0x0000000086400000| Untracked 
|  23|0x0000000086500000, 0x0000000086500000, 0x0000000086600000|  0%| F|  |TAMS 0x0000000086500000, 0x0000000086500000| Untracked 
|  24|0x0000000086600000, 0x0000000086600000, 0x0000000086700000|  0%| F|  |TAMS 0x0000000086600000, 0x0000000086600000| Untracked 
|  25|0x0000000086700000, 0x0000000086700000, 0x0000000086800000|  0%| F|  |TAMS 0x0000000086700000, 0x0000000086700000| Untracked 
|  26|0x0000000086800000, 0x0000000086800000, 0x0000000086900000|  0%| F|  |TAMS 0x0000000086800000, 0x0000000086800000| Untracked 
|  27|0x0000000086900000, 0x0000000086900000, 0x0000000086a00000|  0%| F|  |TAMS 0x0000000086900000, 0x0000000086900000| Untracked 
|  28|0x0000000086a00000, 0x0000000086a00000, 0x0000000086b00000|  0%| F|  |TAMS 0x0000000086a00000, 0x0000000086a00000| Untracked 
|  29|0x0000000086b00000, 0x0000000086b00000, 0x0000000086c00000|  0%| F|  |TAMS 0x0000000086b00000, 0x0000000086b00000| Untracked 
|  30|0x0000000086c00000, 0x0000000086c00000, 0x0000000086d00000|  0%| F|  |TAMS 0x0000000086c00000, 0x0000000086c00000| Untracked 
|  31|0x0000000086d00000, 0x0000000086d00000, 0x0000000086e00000|  0%| F|  |TAMS 0x0000000086d00000, 0x0000000086d00000| Untracked 
|  32|0x0000000086e00000, 0x0000000086e00000, 0x0000000086f00000|  0%| F|  |TAMS 0x0000000086e00000, 0x0000000086e00000| Untracked 
|  33|0x0000000086f00000, 0x0000000086f00000, 0x0000000087000000|  0%| F|  |TAMS 0x0000000086f00000, 0x0000000086f00000| Untracked 
|  34|0x0000000087000000, 0x0000000087000000, 0x0000000087100000|  0%| F|  |TAMS 0x0000000087000000, 0x0000000087000000| Untracked 
|  35|0x0000000087100000, 0x0000000087100000, 0x0000000087200000|  0%| F|  |TAMS 0x0000000087100000, 0x0000000087100000| Untracked 
|  36|0x0000000087200000, 0x0000000087200000, 0x0000000087300000|  0%| F|  |TAMS 0x0000000087200000, 0x0000000087200000| Untracked 
|  37|0x0000000087300000, 0x0000000087300000, 0x0000000087400000|  0%| F|  |TAMS 0x0000000087300000, 0x0000000087300000| Untracked 
|  38|0x0000000087400000, 0x0000000087400000, 0x0000000087500000|  0%| F|  |TAMS 0x0000000087400000, 0x0000000087400000| Untracked 
|  39|0x0000000087500000, 0x0000000087500000, 0x0000000087600000|  0%| F|  |TAMS 0x0000000087500000, 0x0000000087500000| Untracked 
|  40|0x0000000087600000, 0x0000000087600000, 0x0000000087700000|  0%| F|  |TAMS 0x0000000087600000, 0x0000000087600000| Untracked 
|  41|0x0000000087700000, 0x0000000087700000, 0x0000000087800000|  0%| F|  |TAMS 0x0000000087700000, 0x0000000087700000| Untracked 
|  42|0x0000000087800000, 0x0000000087800000, 0x0000000087900000|  0%| F|  |TAMS 0x0000000087800000, 0x0000000087800000| Untracked 
|  43|0x0000000087900000, 0x0000000087900000, 0x0000000087a00000|  0%| F|  |TAMS 0x0000000087900000, 0x0000000087900000| Untracked 
|  44|0x0000000087a00000, 0x0000000087a00000, 0x0000000087b00000|  0%| F|  |TAMS 0x0000000087a00000, 0x0000000087a00000| Untracked 
|  45|0x0000000087b00000, 0x0000000087b00000, 0x0000000087c00000|  0%| F|  |TAMS 0x0000000087b00000, 0x0000000087b00000| Untracked 
|  46|0x0000000087c00000, 0x0000000087c00000, 0x0000000087d00000|  0%| F|  |TAMS 0x0000000087c00000, 0x0000000087c00000| Untracked 
|  47|0x0000000087d00000, 0x0000000087d00000, 0x0000000087e00000|  0%| F|  |TAMS 0x0000000087d00000, 0x0000000087d00000| Untracked 
|  48|0x0000000087e00000, 0x0000000087e00000, 0x0000000087f00000|  0%| F|  |TAMS 0x0000000087e00000, 0x0000000087e00000| Untracked 
|  49|0x0000000087f00000, 0x0000000087f00000, 0x0000000088000000|  0%| F|  |TAMS 0x0000000087f00000, 0x0000000087f00000| Untracked 
|  50|0x0000000088000000, 0x0000000088000000, 0x0000000088100000|  0%| F|  |TAMS 0x0000000088000000, 0x0000000088000000| Untracked 
|  51|0x0000000088100000, 0x0000000088100000, 0x0000000088200000|  0%| F|  |TAMS 0x0000000088100000, 0x0000000088100000| Untracked 
|  52|0x0000000088200000, 0x0000000088200000, 0x0000000088300000|  0%| F|  |TAMS 0x0000000088200000, 0x0000000088200000| Untracked 
|  53|0x0000000088300000, 0x0000000088300000, 0x0000000088400000|  0%| F|  |TAMS 0x0000000088300000, 0x0000000088300000| Untracked 
|  54|0x0000000088400000, 0x0000000088400000, 0x0000000088500000|  0%| F|  |TAMS 0x0000000088400000, 0x0000000088400000| Untracked 
|  55|0x0000000088500000, 0x0000000088500000, 0x0000000088600000|  0%| F|  |TAMS 0x0000000088500000, 0x0000000088500000| Untracked 
|  56|0x0000000088600000, 0x0000000088600000, 0x0000000088700000|  0%| F|  |TAMS 0x0000000088600000, 0x0000000088600000| Untracked 
|  57|0x0000000088700000, 0x0000000088700000, 0x0000000088800000|  0%| F|  |TAMS 0x0000000088700000, 0x0000000088700000| Untracked 
|  58|0x0000000088800000, 0x0000000088800000, 0x0000000088900000|  0%| F|  |TAMS 0x0000000088800000, 0x0000000088800000| Untracked 
|  59|0x0000000088900000, 0x0000000088900000, 0x0000000088a00000|  0%| F|  |TAMS 0x0000000088900000, 0x0000000088900000| Untracked 
|  60|0x0000000088a00000, 0x0000000088a00000, 0x0000000088b00000|  0%| F|  |TAMS 0x0000000088a00000, 0x0000000088a00000| Untracked 
|  61|0x0000000088b00000, 0x0000000088b00000, 0x0000000088c00000|  0%| F|  |TAMS 0x0000000088b00000, 0x0000000088b00000| Untracked 
|  62|0x0000000088c00000, 0x0000000088c00000, 0x0000000088d00000|  0%| F|  |TAMS 0x0000000088c00000, 0x0000000088c00000| Untracked 
|  63|0x0000000088d00000, 0x0000000088d00000, 0x0000000088e00000|  0%| F|  |TAMS 0x0000000088d00000, 0x0000000088d00000| Untracked 
|  64|0x0000000088e00000, 0x0000000088e00000, 0x0000000088f00000|  0%| F|  |TAMS 0x0000000088e00000, 0x0000000088e00000| Untracked 
|  65|0x0000000088f00000, 0x0000000088f00000, 0x0000000089000000|  0%| F|  |TAMS 0x0000000088f00000, 0x0000000088f00000| Untracked 
|  66|0x0000000089000000, 0x0000000089000000, 0x0000000089100000|  0%| F|  |TAMS 0x0000000089000000, 0x0000000089000000| Untracked 
|  67|0x0000000089100000, 0x0000000089100000, 0x0000000089200000|  0%| F|  |TAMS 0x0000000089100000, 0x0000000089100000| Untracked 
|  68|0x0000000089200000, 0x0000000089200000, 0x0000000089300000|  0%| F|  |TAMS 0x0000000089200000, 0x0000000089200000| Untracked 
|  69|0x0000000089300000, 0x0000000089300000, 0x0000000089400000|  0%| F|  |TAMS 0x0000000089300000, 0x0000000089300000| Untracked 
|  70|0x0000000089400000, 0x0000000089400000, 0x0000000089500000|  0%| F|  |TAMS 0x0000000089400000, 0x0000000089400000| Untracked 
|  71|0x0000000089500000, 0x0000000089500000, 0x0000000089600000|  0%| F|  |TAMS 0x0000000089500000, 0x0000000089500000| Untracked 
|  72|0x0000000089600000, 0x0000000089600000, 0x0000000089700000|  0%| F|  |TAMS 0x0000000089600000, 0x0000000089600000| Untracked 
|  73|0x0000000089700000, 0x0000000089700000, 0x0000000089800000|  0%| F|  |TAMS 0x0000000089700000, 0x0000000089700000| Untracked 
|  74|0x0000000089800000, 0x0000000089800000, 0x0000000089900000|  0%| F|  |TAMS 0x0000000089800000, 0x0000000089800000| Untracked 
|  75|0x0000000089900000, 0x0000000089900000, 0x0000000089a00000|  0%| F|  |TAMS 0x0000000089900000, 0x0000000089900000| Untracked 
|  76|0x0000000089a00000, 0x0000000089a00000, 0x0000000089b00000|  0%| F|  |TAMS 0x0000000089a00000, 0x0000000089a00000| Untracked 
|  77|0x0000000089b00000, 0x0000000089b00000, 0x0000000089c00000|  0%| F|  |TAMS 0x0000000089b00000, 0x0000000089b00000| Untracked 
|  78|0x0000000089c00000, 0x0000000089c00000, 0x0000000089d00000|  0%| F|  |TAMS 0x0000000089c00000, 0x0000000089c00000| Untracked 
|  79|0x0000000089d00000, 0x0000000089d00000, 0x0000000089e00000|  0%| F|  |TAMS 0x0000000089d00000, 0x0000000089d00000| Untracked 
|  80|0x0000000089e00000, 0x0000000089e00000, 0x0000000089f00000|  0%| F|  |TAMS 0x0000000089e00000, 0x0000000089e00000| Untracked 
|  81|0x0000000089f00000, 0x0000000089f00000, 0x000000008a000000|  0%| F|  |TAMS 0x0000000089f00000, 0x0000000089f00000| Untracked 
|  82|0x000000008a000000, 0x000000008a000000, 0x000000008a100000|  0%| F|  |TAMS 0x000000008a000000, 0x000000008a000000| Untracked 
|  83|0x000000008a100000, 0x000000008a100000, 0x000000008a200000|  0%| F|  |TAMS 0x000000008a100000, 0x000000008a100000| Untracked 
|  84|0x000000008a200000, 0x000000008a200000, 0x000000008a300000|  0%| F|  |TAMS 0x000000008a200000, 0x000000008a200000| Untracked 
|  85|0x000000008a300000, 0x000000008a300000, 0x000000008a400000|  0%| F|  |TAMS 0x000000008a300000, 0x000000008a300000| Untracked 
|  86|0x000000008a400000, 0x000000008a400000, 0x000000008a500000|  0%| F|  |TAMS 0x000000008a400000, 0x000000008a400000| Untracked 
|  87|0x000000008a500000, 0x000000008a500000, 0x000000008a600000|  0%| F|  |TAMS 0x000000008a500000, 0x000000008a500000| Untracked 
|  88|0x000000008a600000, 0x000000008a600000, 0x000000008a700000|  0%| F|  |TAMS 0x000000008a600000, 0x000000008a600000| Untracked 
|  89|0x000000008a700000, 0x000000008a700000, 0x000000008a800000|  0%| F|  |TAMS 0x000000008a700000, 0x000000008a700000| Untracked 
|  90|0x000000008a800000, 0x000000008a800000, 0x000000008a900000|  0%| F|  |TAMS 0x000000008a800000, 0x000000008a800000| Untracked 
|  91|0x000000008a900000, 0x000000008a900000, 0x000000008aa00000|  0%| F|  |TAMS 0x000000008a900000, 0x000000008a900000| Untracked 
|  92|0x000000008aa00000, 0x000000008aa00000, 0x000000008ab00000|  0%| F|  |TAMS 0x000000008aa00000, 0x000000008aa00000| Untracked 
|  93|0x000000008ab00000, 0x000000008ab00000, 0x000000008ac00000|  0%| F|  |TAMS 0x000000008ab00000, 0x000000008ab00000| Untracked 
|  94|0x000000008ac00000, 0x000000008ac00000, 0x000000008ad00000|  0%| F|  |TAMS 0x000000008ac00000, 0x000000008ac00000| Untracked 
|  95|0x000000008ad00000, 0x000000008ad00000, 0x000000008ae00000|  0%| F|  |TAMS 0x000000008ad00000, 0x000000008ad00000| Untracked 
|  96|0x000000008ae00000, 0x000000008ae00000, 0x000000008af00000|  0%| F|  |TAMS 0x000000008ae00000, 0x000000008ae00000| Untracked 
|  97|0x000000008af00000, 0x000000008af00000, 0x000000008b000000|  0%| F|  |TAMS 0x000000008af00000, 0x000000008af00000| Untracked 
|  98|0x000000008b000000, 0x000000008b000000, 0x000000008b100000|  0%| F|  |TAMS 0x000000008b000000, 0x000000008b000000| Untracked 
|  99|0x000000008b100000, 0x000000008b100000, 0x000000008b200000|  0%| F|  |TAMS 0x000000008b100000, 0x000000008b100000| Untracked 
| 100|0x000000008b200000, 0x000000008b200000, 0x000000008b300000|  0%| F|  |TAMS 0x000000008b200000, 0x000000008b200000| Untracked 
| 101|0x000000008b300000, 0x000000008b300000, 0x000000008b400000|  0%| F|  |TAMS 0x000000008b300000, 0x000000008b300000| Untracked 
| 102|0x000000008b400000, 0x000000008b400000, 0x000000008b500000|  0%| F|  |TAMS 0x000000008b400000, 0x000000008b400000| Untracked 
| 103|0x000000008b500000, 0x000000008b500000, 0x000000008b600000|  0%| F|  |TAMS 0x000000008b500000, 0x000000008b500000| Untracked 
| 104|0x000000008b600000, 0x000000008b600000, 0x000000008b700000|  0%| F|  |TAMS 0x000000008b600000, 0x000000008b600000| Untracked 
| 105|0x000000008b700000, 0x000000008b700000, 0x000000008b800000|  0%| F|  |TAMS 0x000000008b700000, 0x000000008b700000| Untracked 
| 106|0x000000008b800000, 0x000000008b800000, 0x000000008b900000|  0%| F|  |TAMS 0x000000008b800000, 0x000000008b800000| Untracked 
| 107|0x000000008b900000, 0x000000008b900000, 0x000000008ba00000|  0%| F|  |TAMS 0x000000008b900000, 0x000000008b900000| Untracked 
| 108|0x000000008ba00000, 0x000000008ba00000, 0x000000008bb00000|  0%| F|  |TAMS 0x000000008ba00000, 0x000000008ba00000| Untracked 
| 109|0x000000008bb00000, 0x000000008bb00000, 0x000000008bc00000|  0%| F|  |TAMS 0x000000008bb00000, 0x000000008bb00000| Untracked 
| 110|0x000000008bc00000, 0x000000008bc00000, 0x000000008bd00000|  0%| F|  |TAMS 0x000000008bc00000, 0x000000008bc00000| Untracked 
| 111|0x000000008bd00000, 0x000000008bd00000, 0x000000008be00000|  0%| F|  |TAMS 0x000000008bd00000, 0x000000008bd00000| Untracked 
| 112|0x000000008be00000, 0x000000008be00000, 0x000000008bf00000|  0%| F|  |TAMS 0x000000008be00000, 0x000000008be00000| Untracked 
| 113|0x000000008bf00000, 0x000000008bf00000, 0x000000008c000000|  0%| F|  |TAMS 0x000000008bf00000, 0x000000008bf00000| Untracked 
| 114|0x000000008c000000, 0x000000008c000000, 0x000000008c100000|  0%| F|  |TAMS 0x000000008c000000, 0x000000008c000000| Untracked 
| 115|0x000000008c100000, 0x000000008c100000, 0x000000008c200000|  0%| F|  |TAMS 0x000000008c100000, 0x000000008c100000| Untracked 
| 116|0x000000008c200000, 0x000000008c200000, 0x000000008c300000|  0%| F|  |TAMS 0x000000008c200000, 0x000000008c200000| Untracked 
| 117|0x000000008c300000, 0x000000008c300000, 0x000000008c400000|  0%| F|  |TAMS 0x000000008c300000, 0x000000008c300000| Untracked 
| 118|0x000000008c400000, 0x000000008c400000, 0x000000008c500000|  0%| F|  |TAMS 0x000000008c400000, 0x000000008c400000| Untracked 
| 119|0x000000008c500000, 0x000000008c500000, 0x000000008c600000|  0%| F|  |TAMS 0x000000008c500000, 0x000000008c500000| Untracked 
| 120|0x000000008c600000, 0x000000008c676460, 0x000000008c700000| 46%| E|  |TAMS 0x000000008c600000, 0x000000008c600000| Complete 
| 121|0x000000008c700000, 0x000000008c800000, 0x000000008c800000|100%| E|CS|TAMS 0x000000008c700000, 0x000000008c700000| Complete 
| 122|0x000000008c800000, 0x000000008c900000, 0x000000008c900000|100%| E|CS|TAMS 0x000000008c800000, 0x000000008c800000| Complete 
| 123|0x000000008c900000, 0x000000008ca00000, 0x000000008ca00000|100%| E|CS|TAMS 0x000000008c900000, 0x000000008c900000| Complete 

Card table byte_map: [0x000001f025590000,0x000001f025970000] _byte_map_base: 0x000001f025169000

Marking Bits (Prev, Next): (CMBitMap*) 0x000001f00df6cb00, (CMBitMap*) 0x000001f00df6cb40
 Prev Bits: [0x000001f025d50000, 0x000001f027c18000)
 Next Bits: [0x000001f027c20000, 0x000001f029ae8000)

Polling page: 0x000001f00be60000

Metaspace:

Usage:
  Non-class:      5.14 MB used.
      Class:    458.10 KB used.
       Both:      5.58 MB used.

Virtual space:
  Non-class space:       64.00 MB reserved,       5.19 MB (  8%) committed,  1 nodes.
      Class space:        1.00 GB reserved,     512.00 KB ( <1%) committed,  1 nodes.
             Both:        1.06 GB reserved,       5.69 MB ( <1%) committed. 

Chunk freelists:
   Non-Class:  2.34 MB
       Class:  3.54 MB
        Both:  5.88 MB

MaxMetaspaceSize: unlimited
CompressedClassSpaceSize: 1.00 GB
Initial GC threshold: 21.00 MB
Current GC threshold: 21.00 MB
CDS: off
MetaspaceReclaimPolicy: balanced
 - commit_granule_bytes: 65536.
 - commit_granule_words: 8192.
 - virtual_space_node_default_size: 8388608.
 - enlarge_chunks_in_place: 1.
 - new_chunks_are_fully_committed: 0.
 - uncommit_free_chunks: 1.
 - use_allocation_guard: 0.


Internal statistics:

num_allocs_failed_limit: 0.
num_arena_births: 6.
num_arena_deaths: 0.
num_vsnodes_births: 2.
num_vsnodes_deaths: 0.
num_space_committed: 91.
num_space_uncommitted: 0.
num_chunks_returned_to_freelist: 0.
num_chunks_taken_from_freelist: 23.
num_chunk_merges: 0.
num_chunk_splits: 12.
num_chunks_enlarged: 10.
num_inconsistent_stats: 0.

CodeHeap 'non-profiled nmethods': size=120000Kb used=54Kb max_used=54Kb free=119945Kb
 bounds [0x000001f01d940000, 0x000001f01dbb0000, 0x000001f024e70000]
CodeHeap 'profiled nmethods': size=120000Kb used=292Kb max_used=292Kb free=119707Kb
 bounds [0x000001f015e70000, 0x000001f0160e0000, 0x000001f01d3a0000]
CodeHeap 'non-nmethods': size=5760Kb used=1168Kb max_used=1182Kb free=4591Kb
 bounds [0x000001f01d3a0000, 0x000001f01d610000, 0x000001f01d940000]
 total_blobs=555 nmethods=219 adapters=247
 compilation: enabled
              stopped_count=0, restarted_count=0
 full_count=0

Compilation events (20 events):
Event: 0.168 Thread 0x000001f0308907c0  210   !   3       jdk.internal.loader.URLClassPath$JarLoader::ensureOpen (36 bytes)
Event: 0.168 Thread 0x000001f0308907c0 nmethod 210 0x000001f015eb3310 code [0x000001f015eb34e0, 0x000001f015eb38f8]
Event: 0.168 Thread 0x000001f0308907c0  211       3       java.lang.ClassLoader::checkName (37 bytes)
Event: 0.168 Thread 0x000001f0308907c0 nmethod 211 0x000001f015eb3a90 code [0x000001f015eb3ce0, 0x000001f015eb46f8]
Event: 0.168 Thread 0x000001f0308907c0  213       3       java.util.Objects::checkIndex (7 bytes)
Event: 0.168 Thread 0x000001f0308907c0 nmethod 213 0x000001f015eb4a90 code [0x000001f015eb4c20, 0x000001f015eb4d58]
Event: 0.168 Thread 0x000001f0308907c0  212   !   3       java.util.jar.JarFile::checkForSpecialAttributes (163 bytes)
Event: 0.169 Thread 0x000001f0308907c0 nmethod 212 0x000001f015eb4e10 code [0x000001f015eb5160, 0x000001f015eb6478]
Event: 0.169 Thread 0x000001f0308907c0  214   !   3       java.util.zip.ZipFile::getEntry (59 bytes)
Event: 0.169 Thread 0x000001f0308907c0 nmethod 214 0x000001f015eb6d10 code [0x000001f015eb6f00, 0x000001f015eb7358]
Event: 0.169 Thread 0x000001f0308907c0  215   !   3       java.util.jar.JarFile::isMultiRelease (33 bytes)
Event: 0.169 Thread 0x000001f0308907c0 nmethod 215 0x000001f015eb7610 code [0x000001f015eb77c0, 0x000001f015eb79c8]
Event: 0.169 Thread 0x000001f0308907c0  216       1       java.util.LinkedHashMap::removeEldestEntry (2 bytes)
Event: 0.169 Thread 0x000001f0308907c0 nmethod 216 0x000001f01d94d410 code [0x000001f01d94d5a0, 0x000001f01d94d678]
Event: 0.170 Thread 0x000001f0308907c0  217   !   3       jdk.internal.loader.URLClassPath$JarLoader::getResource (65 bytes)
Event: 0.170 Thread 0x000001f0308907c0 nmethod 217 0x000001f015eb7a90 code [0x000001f015eb7d00, 0x000001f015eb8668]
Event: 0.170 Thread 0x000001f0308907c0  218       3       java.util.jar.JarFile::getJarEntry (9 bytes)
Event: 0.170 Thread 0x000001f0308907c0 nmethod 218 0x000001f015eb8a10 code [0x000001f015eb8c00, 0x000001f015eb90b8]
Event: 0.171 Thread 0x000001f02c23c2f0  219       4       java.lang.String::checkIndex (10 bytes)
Event: 0.172 Thread 0x000001f02c23c2f0 nmethod 219 0x000001f01d94d710 code [0x000001f01d94d8a0, 0x000001f01d94d938]

GC Heap History (0 events):
No events

Dll operation events (5 events):
Event: 0.004 Loaded shared library C:\Program Files\Java\jdk-19\bin\java.dll
Event: 0.039 Loaded shared library C:\Program Files\Java\jdk-19\bin\jsvml.dll
Event: 0.116 Loaded shared library C:\Program Files\Java\jdk-19\bin\net.dll
Event: 0.117 Loaded shared library C:\Program Files\Java\jdk-19\bin\nio.dll
Event: 0.125 Loaded shared library C:\Program Files\Java\jdk-19\bin\zip.dll

Deoptimization events (4 events):
Event: 0.170 Thread 0x000001f00df0ea20 Uncommon trap: trap_request=0xffffff45 fr.pc=0x000001f01d94cd04 relative=0x0000000000000064
Event: 0.170 Thread 0x000001f00df0ea20 Uncommon trap: reason=unstable_if action=reinterpret pc=0x000001f01d94cd04 method=java.io.WinNTFileSystem.isSlash(C)Z @ 9 c2
Event: 0.170 Thread 0x000001f00df0ea20 DEOPT PACKING pc=0x000001f01d94cd04 sp=0x000000c89cffe7f0
Event: 0.170 Thread 0x000001f00df0ea20 DEOPT UNPACKING pc=0x000001f01d40a5a3 sp=0x000000c89cffe778 mode 2

Classes loaded (20 events):
Event: 0.171 Loading class java/util/regex/Pattern$LastNode
Event: 0.171 Loading class java/util/regex/Pattern$LastNode done
Event: 0.171 Loading class java/util/regex/Pattern$GroupHead
Event: 0.171 Loading class java/util/regex/Pattern$GroupHead done
Event: 0.171 Loading class java/util/regex/Pattern$GroupTail
Event: 0.171 Loading class java/util/regex/Pattern$GroupTail done
Event: 0.171 Loading class java/util/regex/Pattern$Slice
Event: 0.172 Loading class java/util/regex/Pattern$SliceNode
Event: 0.172 Loading class java/util/regex/Pattern$SliceNode done
Event: 0.172 Loading class java/util/regex/Pattern$Slice done
Event: 0.172 Loading class java/util/regex/Pattern$BitClass
Event: 0.172 Loading class java/util/regex/Pattern$BmpCharPredicate
Event: 0.173 Loading class java/util/regex/Pattern$CharPredicate
Event: 0.173 Loading class java/util/regex/Pattern$CharPredicate done
Event: 0.173 Loading class java/util/regex/Pattern$BmpCharPredicate done
Event: 0.173 Loading class java/util/regex/Pattern$BitClass done
Event: 0.173 Loading class java/util/regex/CharPredicates
Event: 0.173 Loading class java/util/regex/CharPredicates done
Event: 0.173 Loading class java/lang/invoke/LambdaMetafactory
Event: 0.174 Loading class java/lang/invoke/LambdaMetafactory done

Classes unloaded (0 events):
No events

Classes redefined (0 events):
No events

Internal exceptions (0 events):
No events

VM Operations (2 events):
Event: 0.126 Executing VM operation: HandshakeAllThreads
Event: 0.126 Executing VM operation: HandshakeAllThreads done

Events (12 events):
Event: 0.039 Thread 0x000001f00df0ea20 Thread added: 0x000001f00df0ea20
Event: 0.065 Thread 0x000001f030838dc0 Thread added: 0x000001f030838dc0
Event: 0.065 Thread 0x000001f0308a8020 Thread added: 0x000001f0308a8020
Event: 0.067 Thread 0x000001f0308ac620 Thread added: 0x000001f0308ac620
Event: 0.067 Thread 0x000001f03088c550 Thread added: 0x000001f03088c550
Event: 0.067 Thread 0x000001f03088cf70 Thread added: 0x000001f03088cf70
Event: 0.067 Thread 0x000001f03088fda0 Thread added: 0x000001f03088fda0
Event: 0.067 Thread 0x000001f02c23c2f0 Thread added: 0x000001f02c23c2f0
Event: 0.067 Thread 0x000001f0308907c0 Thread added: 0x000001f0308907c0
Event: 0.067 Thread 0x000001f030892d50 Thread added: 0x000001f030892d50
Event: 0.097 Thread 0x000001f030a217b0 Thread added: 0x000001f030a217b0
Event: 0.106 Thread 0x000001f030a41810 Thread added: 0x000001f030a41810


Dynamic libraries:
0x00007ff64aaf0000 - 0x00007ff64ab00000 	C:\Program Files\Java\jdk-19\bin\java.exe
0x00007ffdc76f0000 - 0x00007ffdc7904000 	C:\WINDOWS\SYSTEM32\ntdll.dll
0x00007ffdc7260000 - 0x00007ffdc7323000 	C:\WINDOWS\System32\KERNEL32.DLL
0x00007ffdc4d70000 - 0x00007ffdc510c000 	C:\WINDOWS\System32\KERNELBASE.dll
0x00007ffdc5180000 - 0x00007ffdc5291000 	C:\WINDOWS\System32\ucrtbase.dll
0x00007ffdbcec0000 - 0x00007ffdbcedb000 	C:\Program Files\Java\jdk-19\bin\VCRUNTIME140.dll
0x00007ffdb97e0000 - 0x00007ffdb97f8000 	C:\Program Files\Java\jdk-19\bin\jli.dll
0x00007ffdc5c30000 - 0x00007ffdc5cde000 	C:\WINDOWS\System32\ADVAPI32.dll
0x00007ffdc57f0000 - 0x00007ffdc5897000 	C:\WINDOWS\System32\msvcrt.dll
0x00007ffdc65f0000 - 0x00007ffdc6694000 	C:\WINDOWS\System32\sechost.dll
0x00007ffdc6f30000 - 0x00007ffdc7045000 	C:\WINDOWS\System32\RPCRT4.dll
0x00007ffdc6d80000 - 0x00007ffdc6f2d000 	C:\WINDOWS\System32\USER32.dll
0x00007ffdc4ca0000 - 0x00007ffdc4cc6000 	C:\WINDOWS\System32\win32u.dll
0x00007ffdb55e0000 - 0x00007ffdb586e000 	C:\WINDOWS\WinSxS\amd64_microsoft.windows.common-controls_6595b64144ccf1df_6.0.22621.608_none_a9444ca7c10bb01d\COMCTL32.dll
0x00007ffdc7090000 - 0x00007ffdc70b9000 	C:\WINDOWS\System32\GDI32.dll
0x00007ffdc5360000 - 0x00007ffdc5473000 	C:\WINDOWS\System32\gdi32full.dll
0x00007ffdc4cd0000 - 0x00007ffdc4d6a000 	C:\WINDOWS\System32\msvcp_win.dll
0x00007ffdb9fb0000 - 0x00007ffdb9fba000 	C:\WINDOWS\SYSTEM32\VERSION.dll
0x00007ffdc7050000 - 0x00007ffdc7081000 	C:\WINDOWS\System32\IMM32.DLL
0x00007ffdbb750000 - 0x00007ffdbb75c000 	C:\Program Files\Java\jdk-19\bin\vcruntime140_1.dll
0x00007ffdaf020000 - 0x00007ffdaf0ae000 	C:\Program Files\Java\jdk-19\bin\msvcp140.dll
0x00007ffd7ffb0000 - 0x00007ffd80c70000 	C:\Program Files\Java\jdk-19\bin\server\jvm.dll
0x00007ffdbbdd0000 - 0x00007ffdbbdd9000 	C:\WINDOWS\SYSTEM32\WSOCK32.dll
0x00007ffdba5c0000 - 0x00007ffdba5f4000 	C:\WINDOWS\SYSTEM32\WINMM.dll
0x00007ffdc7510000 - 0x00007ffdc7581000 	C:\WINDOWS\System32\WS2_32.dll
0x00007ffdc3c70000 - 0x00007ffdc3c88000 	C:\WINDOWS\SYSTEM32\kernel.appcore.dll
0x00007ffdbb740000 - 0x00007ffdbb74a000 	C:\Program Files\Java\jdk-19\bin\jimage.dll
0x00007ffdc2700000 - 0x00007ffdc292e000 	C:\WINDOWS\SYSTEM32\DBGHELP.DLL
0x00007ffdc58a0000 - 0x00007ffdc5c29000 	C:\WINDOWS\System32\combase.dll
0x00007ffdc5ce0000 - 0x00007ffdc5db7000 	C:\WINDOWS\System32\OLEAUT32.dll
0x00007ffdb44f0000 - 0x00007ffdb4522000 	C:\WINDOWS\SYSTEM32\dbgcore.DLL
0x00007ffdc5480000 - 0x00007ffdc54fb000 	C:\WINDOWS\System32\bcryptPrimitives.dll
0x00007ffdb51f0000 - 0x00007ffdb5216000 	C:\Program Files\Java\jdk-19\bin\java.dll
0x00007ffda18e0000 - 0x00007ffda19b7000 	C:\Program Files\Java\jdk-19\bin\jsvml.dll
0x00007ffdc5dc0000 - 0x00007ffdc65b0000 	C:\WINDOWS\System32\SHELL32.dll
0x00007ffdc2b50000 - 0x00007ffdc341e000 	C:\WINDOWS\SYSTEM32\windows.storage.dll
0x00007ffdc2a10000 - 0x00007ffdc2b4e000 	C:\WINDOWS\SYSTEM32\wintypes.dll
0x00007ffdc55b0000 - 0x00007ffdc56a1000 	C:\WINDOWS\System32\SHCORE.dll
0x00007ffdc75e0000 - 0x00007ffdc763e000 	C:\WINDOWS\System32\shlwapi.dll
0x00007ffdc4a60000 - 0x00007ffdc4a81000 	C:\WINDOWS\SYSTEM32\profapi.dll
0x00007ffdba920000 - 0x00007ffdba933000 	C:\Program Files\Java\jdk-19\bin\net.dll
0x00007ffdbbed0000 - 0x00007ffdbbfff000 	C:\WINDOWS\SYSTEM32\WINHTTP.dll
0x00007ffdc40e0000 - 0x00007ffdc4149000 	C:\WINDOWS\system32\mswsock.dll
0x00007ffdb3a30000 - 0x00007ffdb3a46000 	C:\Program Files\Java\jdk-19\bin\nio.dll
0x00007ffdb3630000 - 0x00007ffdb3648000 	C:\Program Files\Java\jdk-19\bin\zip.dll

dbghelp: loaded successfully - version: 4.0.5 - missing functions: none
symbol engine: initialized successfully - sym options: 0x614 - pdb path: .;C:\Program Files\Java\jdk-19\bin;C:\WINDOWS\SYSTEM32;C:\WINDOWS\WinSxS\amd64_microsoft.windows.common-controls_6595b64144ccf1df_6.0.22621.608_none_a9444ca7c10bb01d;C:\Program Files\Java\jdk-19\bin\server

VM Arguments:
jvm_args: -Dclassworlds.conf=C:\Program Files\NetBeans-16\netbeans\java\maven\bin\m2.conf -Dmaven.home=C:\Program Files\NetBeans-16\netbeans\java\maven -Dlibrary.jansi.path=C:\Program Files\NetBeans-16\netbeans\java\maven\lib\jansi-native -Dmaven.multiModuleProjectDirectory=C:\Users\ASUS\OneDrive\Documents\NetBeansProjects\PA_PBO 
java_command: org.codehaus.plexus.classworlds.launcher.Launcher -Dexec.vmArgs= -Dexec.args=${exec.vmArgs} -classpath %classpath ${exec.mainClass} ${exec.appArgs} -Dexec.appArgs= -Dexec.mainClass=com.mycompany.pa_pbo.Main -Dexec.executable=C:\Program Files\Java\jdk-19\bin\java.exe -Dmaven.ext.class.path=C:\Program Files\NetBeans-16\netbeans\java\maven-nblib\netbeans-eventspy.jar org.codehaus.mojo:exec-maven-plugin:3.0.0:exec
java_class_path (initial): C:\Program Files\NetBeans-16\netbeans\java\maven\boot\plexus-classworlds-2.6.0.jar
Launcher Type: SUN_STANDARD

[Global flags]
     intx CICompilerCount                          = 4                                         {product} {ergonomic}
     uint ConcGCThreads                            = 2                                         {product} {ergonomic}
     uint G1ConcRefinementThreads                  = 8                                         {product} {ergonomic}
   size_t G1HeapRegionSize                         = 1048576                                   {product} {ergonomic}
    uintx GCDrainStackTargetSize                   = 64                                        {product} {ergonomic}
   size_t InitialHeapSize                          = 130023424                                 {product} {ergonomic}
   size_t MarkStackSize                            = 4194304                                   {product} {ergonomic}
   size_t MaxHeapSize                              = 2065694720                                {product} {ergonomic}
   size_t MaxNewSize                               = 1239416832                                {product} {ergonomic}
   size_t MinHeapDeltaBytes                        = 1048576                                   {product} {ergonomic}
   size_t MinHeapSize                              = 8388608                                   {product} {ergonomic}
    uintx NonNMethodCodeHeapSize                   = 5839372                                {pd product} {ergonomic}
    uintx NonProfiledCodeHeapSize                  = 122909434                              {pd product} {ergonomic}
    uintx ProfiledCodeHeapSize                     = 122909434                              {pd product} {ergonomic}
    uintx ReservedCodeCacheSize                    = 251658240                              {pd product} {ergonomic}
     bool SegmentedCodeCache                       = true                                      {product} {ergonomic}
   size_t SoftMaxHeapSize                          = 2065694720                             {manageable} {ergonomic}
     bool UseCompressedClassPointers               = true                           {product lp64_product} {ergonomic}
     bool UseCompressedOops                        = true                           {product lp64_product} {ergonomic}
     bool UseG1GC                                  = true                                      {product} {ergonomic}
     bool UseLargePagesIndividualAllocation        = false                                  {pd product} {ergonomic}

Logging:
Log output configuration:
 #0: stdout all=warning uptime,level,tags foldmultilines=false
 #1: stderr all=off uptime,level,tags foldmultilines=false

Environment Variables:
JAVA_HOME=C:\Program Files\Java\jdk-19
PATH=C:\Program Files\Common Files\Oracle\Java\javapath;C:\Program Files (x86)\Common Files\Oracle\Java\javapath;C:\Windows\system32;C:\Windows;C:\Windows\System32\Wbem;C:\Windows\System32\WindowsPowerShell\v1.0\;C:\Windows\System32\OpenSSH\;C:\Program Files (x86)\NVIDIA Corporation\PhysX\Common;C:\WINDOWS\system32;C:\WINDOWS;C:\WINDOWS\System32\Wbem;C:\WINDOWS\System32\WindowsPowerShell\v1.0\;C:\WINDOWS\System32\OpenSSH\;C:\Program Files\dotnet\;C:\Users\ASUS\AppData\Local\Programs\Python\Python310\Scripts\;C:\Users\ASUS\AppData\Local\Programs\Python\Python310\;C:\Users\ASUS\AppData\Local\Microsoft\WindowsApps;C:\Users\ASUS\AppData\Local\Programs\Microsoft VS Code\bin;C:\Users\ASUS\AppData\Local\GitHubDesktop\bin;C:\Users\ASUS\.dotnet\tools
USERNAME=ASUS
OS=Windows_NT
PROCESSOR_IDENTIFIER=Intel64 Family 6 Model 140 Stepping 1, GenuineIntel
TMP=C:\Users\ASUS\AppData\Local\Temp
TEMP=C:\Users\ASUS\AppData\Local\Temp



---------------  S Y S T E M  ---------------

OS:
 Windows 11 , 64 bit Build 22621 (10.0.22621.1344)
OS uptime: 13 days 7:19 hours

CPU: total 8 (initial active 8) (4 cores per cpu, 2 threads per core) family 6 model 140 stepping 1 microcode 0x86, cx8, cmov, fxsr, ht, mmx, 3dnowpref, sse, sse2, sse3, ssse3, sse4.1, sse4.2, popcnt, lzcnt, tsc, tscinvbit, avx, avx2, aes, erms, clmul, bmi1, bmi2, adx, avx512f, avx512dq, avx512cd, avx512bw, avx512vl, sha, fma, vzeroupper, avx512_vpopcntdq, avx512_vpclmulqdq, avx512_vaes, avx512_vnni, clflush, clflushopt, clwb, avx512_vbmi2, avx512_vbmi, rdtscp, rdpid, fsrm, gfni, avx512_bitalg

Memory: 4k page, system-wide physical 7873M (1543M free)
TotalPageFile size 11969M (AvailPageFile size 4M)
current process WorkingSet (physical memory assigned to process): 33M, peak: 33M
current process commit charge ("private bytes"): 202M, peak: 202M

vm_info: Java HotSpot(TM) 64-Bit Server VM (19.0.2+7-44) for windows-amd64 JRE (19.0.2+7-44), built on 2022-11-30T18:02:09Z by "mach5one" with MS VC++ 17.1 (VS2022)

END.
