#
# There is insufficient memory for the Java Runtime Environment to continue.
# Native memory allocation (mmap) failed to map 130023424 bytes for G1 virtual space
# Possible reasons:
#   The system is out of physical RAM or swap space
#   The process is running with CompressedOops enabled, and the Java Heap may be blocking the growth of the native heap
# Possible solutions:
#   Reduce memory load on the system
#   Increase physical memory or swap space
#   Check if swap backing store is full
#   Decrease Java heap size (-Xmx/-Xms)
#   Decrease number of Java threads
#   Decrease Java thread stack sizes (-Xss)
#   Set larger code cache with -XX:ReservedCodeCacheSize=
#   JVM is running with Unscaled Compressed Oops mode in which the Java heap is
#     placed in the first 4GB address space. The Java Heap base address is the
#     maximum limit for the native heap growth. Please use -XX:HeapBaseMinAddress
#     to set the Java Heap base and to place the Java Heap above 4GB virtual address.
# This output file may be truncated or incomplete.
#
#  Out of Memory Error (os_windows.cpp:3536), pid=2984, tid=15896
#
# JRE version:  (19.0.2+7) (build )
# Java VM: Java HotSpot(TM) 64-Bit Server VM (19.0.2+7-44, mixed mode, sharing, tiered, compressed oops, compressed class ptrs, g1 gc, windows-amd64)
# No core dump will be written. Minidumps are not enabled by default on client versions of Windows
#

---------------  S U M M A R Y ------------

Command Line: -Dclassworlds.conf=C:\Program Files\NetBeans-16\netbeans\java\maven\bin\m2.conf -Dmaven.home=C:\Program Files\NetBeans-16\netbeans\java\maven -Dlibrary.jansi.path=C:\Program Files\NetBeans-16\netbeans\java\maven\lib\jansi-native -Dmaven.multiModuleProjectDirectory=C:\Users\ASUS\OneDrive\Documents\NetBeansProjects\PA_PBO org.codehaus.plexus.classworlds.launcher.Launcher -Dexec.vmArgs= -Dexec.args=${exec.vmArgs} -classpath %classpath ${exec.mainClass} ${exec.appArgs} -Dexec.appArgs= -Dexec.mainClass=com.mycompany.pa_pbo.Main -Dexec.executable=C:\Program Files\Java\jdk-19\bin\java.exe -Dmaven.ext.class.path=C:\Program Files\NetBeans-16\netbeans\java\maven-nblib\netbeans-eventspy.jar org.codehaus.mojo:exec-maven-plugin:3.0.0:exec

Host: 11th Gen Intel(R) Core(TM) i5-1135G7 @ 2.40GHz, 8 cores, 7G,  Windows 11 , 64 bit Build 22621 (10.0.22621.1344)
Time: Wed Apr 26 19:33:51 2023 Malay Peninsula Standard Time elapsed time: 0.009026 seconds (0d 0h 0m 0s)

---------------  T H R E A D  ---------------

Current thread (0x0000023f3154da30):  JavaThread "Unknown thread" [_thread_in_vm, id=15896, stack(0x000000419d700000,0x000000419d800000)]

Stack: [0x000000419d700000,0x000000419d800000]
Native frames: (J=compiled Java code, j=interpreted, Vv=VM code, C=native code)
V  [jvm.dll+0x6ee21a]
V  [jvm.dll+0x85765e]
V  [jvm.dll+0x85904e]
V  [jvm.dll+0x859703]
V  [jvm.dll+0x28298f]
V  [jvm.dll+0x6eb009]
V  [jvm.dll+0x6dfbaa]
V  [jvm.dll+0x3573f6]
V  [jvm.dll+0x35ee56]
V  [jvm.dll+0x3b541e]
V  [jvm.dll+0x3b564f]
V  [jvm.dll+0x32c9ea]
V  [jvm.dll+0x32d89e]
V  [jvm.dll+0x821780]
V  [jvm.dll+0x3c2661]
V  [jvm.dll+0x801f51]
V  [jvm.dll+0x44ae8f]
V  [jvm.dll+0x44c811]
C  [jli.dll+0x5287]
C  [ucrtbase.dll+0x29363]
C  [KERNEL32.DLL+0x126bd]
C  [ntdll.dll+0x5a9f8]


---------------  P R O C E S S  ---------------

Threads class SMR info:
_java_thread_list=0x00007ffd80b2d048, length=0, elements={
}

Java Threads: ( => current thread )

Other Threads:
  0x0000023f315ad920 WorkerThread "GC Thread#0" [stack: 0x000000419d800000,0x000000419d900000] [id=9940]
  0x0000023f315bdcd0 ConcurrentGCThread "G1 Main Marker" [stack: 0x000000419d900000,0x000000419da00000] [id=9320]
  0x0000023f315be510 WorkerThread "G1 Conc#0" [stack: 0x000000419da00000,0x000000419db00000] [id=6348]

[error occurred during error reporting (printing all threads), id 0xc0000005, EXCEPTION_ACCESS_VIOLATION (0xc0000005) at pc=0x00007ffd802ed427]

VM state: not at safepoint (not fully initialized)

VM Mutex/Monitor currently owned by a thread:  ([mutex/lock_event])
[0x0000023f3154bf90] Heap_lock - owner thread: 0x0000023f3154da30

Heap address: 0x0000000084e00000, size: 1970 MB, Compressed Oops mode: 32-bit

CDS archive(s) mapped at: [0x0000000000000000-0x0000000000000000-0x0000000000000000), size 0, SharedBaseAddress: 0x0000000800000000, ArchiveRelocationMode: 0.
Narrow klass base: 0x0000000000000000, Narrow klass shift: 0, Narrow klass range: 0x0

GC Precious Log:
 CardTable entry size: 512
 Card Set container configuration: InlinePtr #cards 5 size 8 Array Of Cards #cards 12 size 40 Howl #buckets 4 coarsen threshold 1843 Howl Bitmap #cards 512 size 80 coarsen threshold 460 Card regions per heap region 1 cards per card region 2048

Heap:
 garbage-first heap   total 0K, used 0K [0x0000000084e00000, 0x0000000100000000)
  region size 1024K, 0 young (0K), 0 survivors (0K)

[error occurred during error reporting (printing heap information), id 0xc0000005, EXCEPTION_ACCESS_VIOLATION (0xc0000005) at pc=0x00007ffd806f6649]

GC Heap History (0 events):
No events

Dll operation events (1 events):
Event: 0.004 Loaded shared library C:\Program Files\Java\jdk-19\bin\java.dll

Deoptimization events (0 events):
No events

Classes loaded (0 events):
No events

Classes unloaded (0 events):
No events

Classes redefined (0 events):
No events

Internal exceptions (0 events):
No events

VM Operations (0 events):
No events

Events (0 events):
No events


Dynamic libraries:
0x00007ff64aaf0000 - 0x00007ff64ab00000 	C:\Program Files\Java\jdk-19\bin\java.exe
0x00007ffdc76f0000 - 0x00007ffdc7904000 	C:\WINDOWS\SYSTEM32\ntdll.dll
0x00007ffdc7260000 - 0x00007ffdc7323000 	C:\WINDOWS\System32\KERNEL32.DLL
0x00007ffdc4d70000 - 0x00007ffdc510c000 	C:\WINDOWS\System32\KERNELBASE.dll
0x00007ffdc5180000 - 0x00007ffdc5291000 	C:\WINDOWS\System32\ucrtbase.dll
0x00007ffdbcec0000 - 0x00007ffdbcedb000 	C:\Program Files\Java\jdk-19\bin\VCRUNTIME140.dll
0x00007ffdb97e0000 - 0x00007ffdb97f8000 	C:\Program Files\Java\jdk-19\bin\jli.dll
0x00007ffdc5c30000 - 0x00007ffdc5cde000 	C:\WINDOWS\System32\ADVAPI32.dll
0x00007ffdc57f0000 - 0x00007ffdc5897000 	C:\WINDOWS\System32\msvcrt.dll
0x00007ffdc65f0000 - 0x00007ffdc6694000 	C:\WINDOWS\System32\sechost.dll
0x00007ffdc6f30000 - 0x00007ffdc7045000 	C:\WINDOWS\System32\RPCRT4.dll
0x00007ffdc6d80000 - 0x00007ffdc6f2d000 	C:\WINDOWS\System32\USER32.dll
0x00007ffdc4ca0000 - 0x00007ffdc4cc6000 	C:\WINDOWS\System32\win32u.dll
0x00007ffdb55e0000 - 0x00007ffdb586e000 	C:\WINDOWS\WinSxS\amd64_microsoft.windows.common-controls_6595b64144ccf1df_6.0.22621.608_none_a9444ca7c10bb01d\COMCTL32.dll
0x00007ffdc7090000 - 0x00007ffdc70b9000 	C:\WINDOWS\System32\GDI32.dll
0x00007ffdc5360000 - 0x00007ffdc5473000 	C:\WINDOWS\System32\gdi32full.dll
0x00007ffdc4cd0000 - 0x00007ffdc4d6a000 	C:\WINDOWS\System32\msvcp_win.dll
0x00007ffdb9fb0000 - 0x00007ffdb9fba000 	C:\WINDOWS\SYSTEM32\VERSION.dll
0x00007ffdc7050000 - 0x00007ffdc7081000 	C:\WINDOWS\System32\IMM32.DLL
0x00007ffdbb750000 - 0x00007ffdbb75c000 	C:\Program Files\Java\jdk-19\bin\vcruntime140_1.dll
0x00007ffdaf020000 - 0x00007ffdaf0ae000 	C:\Program Files\Java\jdk-19\bin\msvcp140.dll
0x00007ffd7ffb0000 - 0x00007ffd80c70000 	C:\Program Files\Java\jdk-19\bin\server\jvm.dll
0x00007ffdbbdd0000 - 0x00007ffdbbdd9000 	C:\WINDOWS\SYSTEM32\WSOCK32.dll
0x00007ffdba5c0000 - 0x00007ffdba5f4000 	C:\WINDOWS\SYSTEM32\WINMM.dll
0x00007ffdc7510000 - 0x00007ffdc7581000 	C:\WINDOWS\System32\WS2_32.dll
0x00007ffdc3c70000 - 0x00007ffdc3c88000 	C:\WINDOWS\SYSTEM32\kernel.appcore.dll
0x00007ffdbb740000 - 0x00007ffdbb74a000 	C:\Program Files\Java\jdk-19\bin\jimage.dll
0x00007ffdc2700000 - 0x00007ffdc292e000 	C:\WINDOWS\SYSTEM32\DBGHELP.DLL
0x00007ffdc58a0000 - 0x00007ffdc5c29000 	C:\WINDOWS\System32\combase.dll
0x00007ffdc5ce0000 - 0x00007ffdc5db7000 	C:\WINDOWS\System32\OLEAUT32.dll
0x00007ffdb44f0000 - 0x00007ffdb4522000 	C:\WINDOWS\SYSTEM32\dbgcore.DLL
0x00007ffdc5480000 - 0x00007ffdc54fb000 	C:\WINDOWS\System32\bcryptPrimitives.dll
0x00007ffdb51f0000 - 0x00007ffdb5216000 	C:\Program Files\Java\jdk-19\bin\java.dll

dbghelp: loaded successfully - version: 4.0.5 - missing functions: none
symbol engine: initialized successfully - sym options: 0x614 - pdb path: .;C:\Program Files\Java\jdk-19\bin;C:\WINDOWS\SYSTEM32;C:\WINDOWS\WinSxS\amd64_microsoft.windows.common-controls_6595b64144ccf1df_6.0.22621.608_none_a9444ca7c10bb01d;C:\Program Files\Java\jdk-19\bin\server

VM Arguments:
jvm_args: -Dclassworlds.conf=C:\Program Files\NetBeans-16\netbeans\java\maven\bin\m2.conf -Dmaven.home=C:\Program Files\NetBeans-16\netbeans\java\maven -Dlibrary.jansi.path=C:\Program Files\NetBeans-16\netbeans\java\maven\lib\jansi-native -Dmaven.multiModuleProjectDirectory=C:\Users\ASUS\OneDrive\Documents\NetBeansProjects\PA_PBO 
java_command: org.codehaus.plexus.classworlds.launcher.Launcher -Dexec.vmArgs= -Dexec.args=${exec.vmArgs} -classpath %classpath ${exec.mainClass} ${exec.appArgs} -Dexec.appArgs= -Dexec.mainClass=com.mycompany.pa_pbo.Main -Dexec.executable=C:\Program Files\Java\jdk-19\bin\java.exe -Dmaven.ext.class.path=C:\Program Files\NetBeans-16\netbeans\java\maven-nblib\netbeans-eventspy.jar org.codehaus.mojo:exec-maven-plugin:3.0.0:exec
java_class_path (initial): C:\Program Files\NetBeans-16\netbeans\java\maven\boot\plexus-classworlds-2.6.0.jar
Launcher Type: SUN_STANDARD

[Global flags]
     intx CICompilerCount                          = 4                                         {product} {ergonomic}
     uint ConcGCThreads                            = 2                                         {product} {ergonomic}
     uint G1ConcRefinementThreads                  = 8                                         {product} {ergonomic}
   size_t G1HeapRegionSize                         = 1048576                                   {product} {ergonomic}
    uintx GCDrainStackTargetSize                   = 64                                        {product} {ergonomic}
   size_t InitialHeapSize                          = 130023424                                 {product} {ergonomic}
   size_t MarkStackSize                            = 4194304                                   {product} {ergonomic}
   size_t MaxHeapSize                              = 2065694720                                {product} {ergonomic}
   size_t MinHeapDeltaBytes                        = 1048576                                   {product} {ergonomic}
   size_t MinHeapSize                              = 8388608                                   {product} {ergonomic}
    uintx NonNMethodCodeHeapSize                   = 5839372                                {pd product} {ergonomic}
    uintx NonProfiledCodeHeapSize                  = 122909434                              {pd product} {ergonomic}
    uintx ProfiledCodeHeapSize                     = 122909434                              {pd product} {ergonomic}
    uintx ReservedCodeCacheSize                    = 251658240                              {pd product} {ergonomic}
     bool SegmentedCodeCache                       = true                                      {product} {ergonomic}
   size_t SoftMaxHeapSize                          = 2065694720                             {manageable} {ergonomic}
     bool UseCompressedClassPointers               = true                           {product lp64_product} {ergonomic}
     bool UseCompressedOops                        = true                           {product lp64_product} {ergonomic}
     bool UseG1GC                                  = true                                      {product} {ergonomic}
     bool UseLargePagesIndividualAllocation        = false                                  {pd product} {ergonomic}

Logging:
Log output configuration:
 #0: stdout all=warning uptime,level,tags foldmultilines=false
 #1: stderr all=off uptime,level,tags foldmultilines=false

Environment Variables:
JAVA_HOME=C:\Program Files\Java\jdk-19
PATH=C:\Program Files\Common Files\Oracle\Java\javapath;C:\Program Files (x86)\Common Files\Oracle\Java\javapath;C:\Windows\system32;C:\Windows;C:\Windows\System32\Wbem;C:\Windows\System32\WindowsPowerShell\v1.0\;C:\Windows\System32\OpenSSH\;C:\Program Files (x86)\NVIDIA Corporation\PhysX\Common;C:\WINDOWS\system32;C:\WINDOWS;C:\WINDOWS\System32\Wbem;C:\WINDOWS\System32\WindowsPowerShell\v1.0\;C:\WINDOWS\System32\OpenSSH\;C:\Program Files\dotnet\;C:\Users\ASUS\AppData\Local\Programs\Python\Python310\Scripts\;C:\Users\ASUS\AppData\Local\Programs\Python\Python310\;C:\Users\ASUS\AppData\Local\Microsoft\WindowsApps;C:\Users\ASUS\AppData\Local\Programs\Microsoft VS Code\bin;C:\Users\ASUS\AppData\Local\GitHubDesktop\bin;C:\Users\ASUS\.dotnet\tools
USERNAME=ASUS
OS=Windows_NT
PROCESSOR_IDENTIFIER=Intel64 Family 6 Model 140 Stepping 1, GenuineIntel
TMP=C:\Users\ASUS\AppData\Local\Temp
TEMP=C:\Users\ASUS\AppData\Local\Temp



---------------  S Y S T E M  ---------------

OS:
 Windows 11 , 64 bit Build 22621 (10.0.22621.1344)
OS uptime: 13 days 7:19 hours

CPU: total 8 (initial active 8) (4 cores per cpu, 2 threads per core) family 6 model 140 stepping 1 microcode 0x86, cx8, cmov, fxsr, ht, mmx, 3dnowpref, sse, sse2, sse3, ssse3, sse4.1, sse4.2, popcnt, lzcnt, tsc, tscinvbit, avx, avx2, aes, erms, clmul, bmi1, bmi2, adx, avx512f, avx512dq, avx512cd, avx512bw, avx512vl, sha, fma, vzeroupper, avx512_vpopcntdq, avx512_vpclmulqdq, avx512_vaes, avx512_vnni, clflush, clflushopt, clwb, avx512_vbmi2, avx512_vbmi, rdtscp, rdpid, fsrm, gfni, avx512_bitalg

Memory: 4k page, system-wide physical 7873M (1525M free)
TotalPageFile size 11969M (AvailPageFile size 127M)
current process WorkingSet (physical memory assigned to process): 11M, peak: 11M
current process commit charge ("private bytes"): 60M, peak: 184M

vm_info: Java HotSpot(TM) 64-Bit Server VM (19.0.2+7-44) for windows-amd64 JRE (19.0.2+7-44), built on 2022-11-30T18:02:09Z by "mach5one" with MS VC++ 17.1 (VS2022)

END.
